<?xml version="1.0" encoding="UTF-8"?>
<testsuite name="jpabook.jpashop.Service.MemberServiceTest" tests="1" skipped="0" failures="0" errors="0" timestamp="2024-05-02T00:46:03" hostname="userui-MacBook-Air.local" time="2.239">
  <properties/>
  <testcase name="중복_회원_예외" classname="jpabook.jpashop.Service.MemberServiceTest" time="2.239"/>
  <system-out><![CDATA[09:45:51.024 [Test worker] INFO org.springframework.boot.devtools.restart.RestartApplicationListener -- Restart disabled due to context in which it is running

  .   ____          _            __ _ _
 /\\ / ___'_ __ _ _(_)_ __  __ _ \ \ \ \
( ( )\___ | '_ | '_| | '_ \/ _` | \ \ \ \
 \\/  ___)| |_)| | | | | || (_| |  ) ) ) )
  '  |____| .__|_| |_|_| |_\__, | / / / /
 =========|_|==============|___/=/_/_/_/
 :: Spring Boot ::                (v3.2.4)

2024-05-02T09:45:51.901+09:00  INFO 18802 --- [jpashop] [    Test worker] j.jpashop.Service.MemberServiceTest      : Starting MemberServiceTest using Java 17.0.10 with PID 18802 (started by user in /Users/user/Desktop/springjpa1-v20231204/jpashop)
2024-05-02T09:45:51.908+09:00  INFO 18802 --- [jpashop] [    Test worker] j.jpashop.Service.MemberServiceTest      : No active profile set, falling back to 1 default profile: "default"
2024-05-02T09:45:54.174+09:00  INFO 18802 --- [jpashop] [    Test worker] .s.d.r.c.RepositoryConfigurationDelegate : Bootstrapping Spring Data JPA repositories in DEFAULT mode.
2024-05-02T09:45:54.262+09:00  INFO 18802 --- [jpashop] [    Test worker] .s.d.r.c.RepositoryConfigurationDelegate : Finished Spring Data repository scanning in 48 ms. Found 0 JPA repository interfaces.
2024-05-02T09:45:56.251+09:00  INFO 18802 --- [jpashop] [    Test worker] o.hibernate.jpa.internal.util.LogHelper  : HHH000204: Processing PersistenceUnitInfo [name: default]
2024-05-02T09:45:56.558+09:00  INFO 18802 --- [jpashop] [    Test worker] org.hibernate.Version                    : HHH000412: Hibernate ORM core version 6.4.4.Final
2024-05-02T09:45:56.651+09:00  INFO 18802 --- [jpashop] [    Test worker] o.h.c.internal.RegionFactoryInitiator    : HHH000026: Second-level cache disabled
2024-05-02T09:45:57.217+09:00  INFO 18802 --- [jpashop] [    Test worker] o.s.o.j.p.SpringPersistenceUnitInfo      : No LoadTimeWeaver setup: ignoring JPA class transformer
2024-05-02T09:45:57.286+09:00  INFO 18802 --- [jpashop] [    Test worker] com.zaxxer.hikari.HikariDataSource       : HikariPool-1 - Starting...
2024-05-02T09:45:57.707+09:00  INFO 18802 --- [jpashop] [    Test worker] com.zaxxer.hikari.pool.HikariPool        : HikariPool-1 - Added connection conn0: url=jdbc:h2:mem:test user=SA
2024-05-02T09:45:57.711+09:00  INFO 18802 --- [jpashop] [    Test worker] com.zaxxer.hikari.HikariDataSource       : HikariPool-1 - Start completed.
2024-05-02T09:45:58.477+09:00  INFO 18802 --- [jpashop] [    Test worker] p6spy                                    : #1714610758477 | took 12ms | statement | connection 1| url jdbc:h2:mem:test
select * from INFORMATION_SCHEMA.SEQUENCES
select * from INFORMATION_SCHEMA.SEQUENCES;
2024-05-02T09:46:00.514+09:00  INFO 18802 --- [jpashop] [    Test worker] o.h.e.t.j.p.i.JtaPlatformInitiator       : HHH000489: No JTA platform available (set 'hibernate.transaction.jta.platform' to enable JTA platform integration)
2024-05-02T09:46:00.550+09:00 DEBUG 18802 --- [jpashop] [    Test worker] org.hibernate.SQL                        : 
    drop table if exists category cascade 
2024-05-02T09:46:00.555+09:00  INFO 18802 --- [jpashop] [    Test worker] p6spy                                    : #1714610760555 | took 1ms | statement | connection 2| url jdbc:h2:mem:test

    drop table if exists category cascade 

    drop table if exists category cascade ;
2024-05-02T09:46:00.555+09:00 DEBUG 18802 --- [jpashop] [    Test worker] org.hibernate.SQL                        : 
    drop table if exists category_item cascade 
2024-05-02T09:46:00.559+09:00  INFO 18802 --- [jpashop] [    Test worker] p6spy                                    : #1714610760559 | took 0ms | statement | connection 2| url jdbc:h2:mem:test

    drop table if exists category_item cascade 

    drop table if exists category_item cascade ;
2024-05-02T09:46:00.561+09:00 DEBUG 18802 --- [jpashop] [    Test worker] org.hibernate.SQL                        : 
    drop table if exists delivery cascade 
2024-05-02T09:46:00.564+09:00  INFO 18802 --- [jpashop] [    Test worker] p6spy                                    : #1714610760564 | took 2ms | statement | connection 2| url jdbc:h2:mem:test

    drop table if exists delivery cascade 

    drop table if exists delivery cascade ;
2024-05-02T09:46:00.568+09:00 DEBUG 18802 --- [jpashop] [    Test worker] org.hibernate.SQL                        : 
    drop table if exists item cascade 
2024-05-02T09:46:00.571+09:00  INFO 18802 --- [jpashop] [    Test worker] p6spy                                    : #1714610760571 | took 0ms | statement | connection 2| url jdbc:h2:mem:test

    drop table if exists item cascade 

    drop table if exists item cascade ;
2024-05-02T09:46:00.573+09:00 DEBUG 18802 --- [jpashop] [    Test worker] org.hibernate.SQL                        : 
    drop table if exists member cascade 
2024-05-02T09:46:00.576+09:00  INFO 18802 --- [jpashop] [    Test worker] p6spy                                    : #1714610760576 | took 0ms | statement | connection 2| url jdbc:h2:mem:test

    drop table if exists member cascade 

    drop table if exists member cascade ;
2024-05-02T09:46:00.580+09:00 DEBUG 18802 --- [jpashop] [    Test worker] org.hibernate.SQL                        : 
    drop table if exists order_item cascade 
2024-05-02T09:46:00.583+09:00  INFO 18802 --- [jpashop] [    Test worker] p6spy                                    : #1714610760583 | took 0ms | statement | connection 2| url jdbc:h2:mem:test

    drop table if exists order_item cascade 

    drop table if exists order_item cascade ;
2024-05-02T09:46:00.589+09:00 DEBUG 18802 --- [jpashop] [    Test worker] org.hibernate.SQL                        : 
    drop table if exists orders cascade 
2024-05-02T09:46:00.592+09:00  INFO 18802 --- [jpashop] [    Test worker] p6spy                                    : #1714610760592 | took 2ms | statement | connection 2| url jdbc:h2:mem:test

    drop table if exists orders cascade 

    drop table if exists orders cascade ;
2024-05-02T09:46:00.601+09:00 DEBUG 18802 --- [jpashop] [    Test worker] org.hibernate.SQL                        : 
    drop sequence if exists category_seq
2024-05-02T09:46:00.604+09:00  INFO 18802 --- [jpashop] [    Test worker] p6spy                                    : #1714610760604 | took 0ms | statement | connection 2| url jdbc:h2:mem:test

    drop sequence if exists category_seq

    drop sequence if exists category_seq;
2024-05-02T09:46:00.609+09:00 DEBUG 18802 --- [jpashop] [    Test worker] org.hibernate.SQL                        : 
    drop sequence if exists delivery_seq
2024-05-02T09:46:00.612+09:00  INFO 18802 --- [jpashop] [    Test worker] p6spy                                    : #1714610760612 | took 2ms | statement | connection 2| url jdbc:h2:mem:test

    drop sequence if exists delivery_seq

    drop sequence if exists delivery_seq;
2024-05-02T09:46:00.617+09:00 DEBUG 18802 --- [jpashop] [    Test worker] org.hibernate.SQL                        : 
    drop sequence if exists item_seq
2024-05-02T09:46:00.629+09:00  INFO 18802 --- [jpashop] [    Test worker] p6spy                                    : #1714610760629 | took 2ms | statement | connection 2| url jdbc:h2:mem:test

    drop sequence if exists item_seq

    drop sequence if exists item_seq;
2024-05-02T09:46:00.641+09:00 DEBUG 18802 --- [jpashop] [    Test worker] org.hibernate.SQL                        : 
    drop sequence if exists member_seq
2024-05-02T09:46:00.642+09:00  INFO 18802 --- [jpashop] [    Test worker] p6spy                                    : #1714610760642 | took 0ms | statement | connection 2| url jdbc:h2:mem:test

    drop sequence if exists member_seq

    drop sequence if exists member_seq;
2024-05-02T09:46:00.646+09:00 DEBUG 18802 --- [jpashop] [    Test worker] org.hibernate.SQL                        : 
    drop sequence if exists order_item_seq
2024-05-02T09:46:00.649+09:00  INFO 18802 --- [jpashop] [    Test worker] p6spy                                    : #1714610760649 | took 1ms | statement | connection 2| url jdbc:h2:mem:test

    drop sequence if exists order_item_seq

    drop sequence if exists order_item_seq;
2024-05-02T09:46:00.650+09:00 DEBUG 18802 --- [jpashop] [    Test worker] org.hibernate.SQL                        : 
    drop sequence if exists orders_seq
2024-05-02T09:46:00.653+09:00  INFO 18802 --- [jpashop] [    Test worker] p6spy                                    : #1714610760653 | took 1ms | statement | connection 2| url jdbc:h2:mem:test

    drop sequence if exists orders_seq

    drop sequence if exists orders_seq;
2024-05-02T09:46:00.679+09:00 DEBUG 18802 --- [jpashop] [    Test worker] org.hibernate.SQL                        : 
    create sequence category_seq start with 1 increment by 50
2024-05-02T09:46:00.684+09:00  INFO 18802 --- [jpashop] [    Test worker] p6spy                                    : #1714610760684 | took 4ms | statement | connection 3| url jdbc:h2:mem:test

    create sequence category_seq start with 1 increment by 50

    create sequence category_seq start with 1 increment by 50;
2024-05-02T09:46:00.685+09:00 DEBUG 18802 --- [jpashop] [    Test worker] org.hibernate.SQL                        : 
    create sequence delivery_seq start with 1 increment by 50
2024-05-02T09:46:00.691+09:00  INFO 18802 --- [jpashop] [    Test worker] p6spy                                    : #1714610760691 | took 2ms | statement | connection 3| url jdbc:h2:mem:test

    create sequence delivery_seq start with 1 increment by 50

    create sequence delivery_seq start with 1 increment by 50;
2024-05-02T09:46:00.692+09:00 DEBUG 18802 --- [jpashop] [    Test worker] org.hibernate.SQL                        : 
    create sequence item_seq start with 1 increment by 50
2024-05-02T09:46:00.698+09:00  INFO 18802 --- [jpashop] [    Test worker] p6spy                                    : #1714610760698 | took 3ms | statement | connection 3| url jdbc:h2:mem:test

    create sequence item_seq start with 1 increment by 50

    create sequence item_seq start with 1 increment by 50;
2024-05-02T09:46:00.702+09:00 DEBUG 18802 --- [jpashop] [    Test worker] org.hibernate.SQL                        : 
    create sequence member_seq start with 1 increment by 50
2024-05-02T09:46:00.707+09:00  INFO 18802 --- [jpashop] [    Test worker] p6spy                                    : #1714610760706 | took 1ms | statement | connection 3| url jdbc:h2:mem:test

    create sequence member_seq start with 1 increment by 50

    create sequence member_seq start with 1 increment by 50;
2024-05-02T09:46:00.709+09:00 DEBUG 18802 --- [jpashop] [    Test worker] org.hibernate.SQL                        : 
    create sequence order_item_seq start with 1 increment by 50
2024-05-02T09:46:00.714+09:00  INFO 18802 --- [jpashop] [    Test worker] p6spy                                    : #1714610760714 | took 3ms | statement | connection 3| url jdbc:h2:mem:test

    create sequence order_item_seq start with 1 increment by 50

    create sequence order_item_seq start with 1 increment by 50;
2024-05-02T09:46:00.715+09:00 DEBUG 18802 --- [jpashop] [    Test worker] org.hibernate.SQL                        : 
    create sequence orders_seq start with 1 increment by 50
2024-05-02T09:46:00.718+09:00  INFO 18802 --- [jpashop] [    Test worker] p6spy                                    : #1714610760718 | took 1ms | statement | connection 3| url jdbc:h2:mem:test

    create sequence orders_seq start with 1 increment by 50

    create sequence orders_seq start with 1 increment by 50;
2024-05-02T09:46:00.731+09:00 DEBUG 18802 --- [jpashop] [    Test worker] org.hibernate.SQL                        : 
    create table category (
        category_id bigint not null,
        parent_id bigint,
        name varchar(255),
        primary key (category_id)
    )
2024-05-02T09:46:00.765+09:00  INFO 18802 --- [jpashop] [    Test worker] p6spy                                    : #1714610760765 | took 20ms | statement | connection 3| url jdbc:h2:mem:test

    create table category (
        category_id bigint not null,
        parent_id bigint,
        name varchar(255),
        primary key (category_id)
    )

    create table category (
        category_id bigint not null,
        parent_id bigint,
        name varchar(255),
        primary key (category_id)
    );
2024-05-02T09:46:00.769+09:00 DEBUG 18802 --- [jpashop] [    Test worker] org.hibernate.SQL                        : 
    create table category_item (
        category_id bigint not null,
        item_id bigint not null
    )
2024-05-02T09:46:00.770+09:00  INFO 18802 --- [jpashop] [    Test worker] p6spy                                    : #1714610760770 | took 0ms | statement | connection 3| url jdbc:h2:mem:test

    create table category_item (
        category_id bigint not null,
        item_id bigint not null
    )

    create table category_item (
        category_id bigint not null,
        item_id bigint not null
    );
2024-05-02T09:46:00.771+09:00 DEBUG 18802 --- [jpashop] [    Test worker] org.hibernate.SQL                        : 
    create table delivery (
        delivery_id bigint not null,
        city varchar(255),
        status varchar(255) check (status in ('READY','COMP')),
        street varchar(255),
        zipcode varchar(255),
        primary key (delivery_id)
    )
2024-05-02T09:46:00.791+09:00  INFO 18802 --- [jpashop] [    Test worker] p6spy                                    : #1714610760791 | took 18ms | statement | connection 3| url jdbc:h2:mem:test

    create table delivery (
        delivery_id bigint not null,
        city varchar(255),
        status varchar(255) check (status in ('READY','COMP')),
        street varchar(255),
        zipcode varchar(255),
        primary key (delivery_id)
    )

    create table delivery (
        delivery_id bigint not null,
        city varchar(255),
        status varchar(255) check (status in ('READY','COMP')),
        street varchar(255),
        zipcode varchar(255),
        primary key (delivery_id)
    );
2024-05-02T09:46:00.802+09:00 DEBUG 18802 --- [jpashop] [    Test worker] org.hibernate.SQL                        : 
    create table item (
        price integer not null,
        stock_quantity integer not null,
        item_id bigint not null,
        dtype varchar(31) not null,
        actor varchar(255),
        artist varchar(255),
        author varchar(255),
        director varchar(255),
        etc varchar(255),
        isbn varchar(255),
        name varchar(255),
        primary key (item_id)
    )
2024-05-02T09:46:00.804+09:00  INFO 18802 --- [jpashop] [    Test worker] p6spy                                    : #1714610760804 | took 1ms | statement | connection 3| url jdbc:h2:mem:test

    create table item (
        price integer not null,
        stock_quantity integer not null,
        item_id bigint not null,
        dtype varchar(31) not null,
        actor varchar(255),
        artist varchar(255),
        author varchar(255),
        director varchar(255),
        etc varchar(255),
        isbn varchar(255),
        name varchar(255),
        primary key (item_id)
    )

    create table item (
        price integer not null,
        stock_quantity integer not null,
        item_id bigint not null,
        dtype varchar(31) not null,
        actor varchar(255),
        artist varchar(255),
        author varchar(255),
        director varchar(255),
        etc varchar(255),
        isbn varchar(255),
        name varchar(255),
        primary key (item_id)
    );
2024-05-02T09:46:00.809+09:00 DEBUG 18802 --- [jpashop] [    Test worker] org.hibernate.SQL                        : 
    create table member (
        member_id bigint not null,
        city varchar(255),
        name varchar(255),
        street varchar(255),
        zipcode varchar(255),
        primary key (member_id)
    )
2024-05-02T09:46:00.824+09:00  INFO 18802 --- [jpashop] [    Test worker] p6spy                                    : #1714610760824 | took 14ms | statement | connection 3| url jdbc:h2:mem:test

    create table member (
        member_id bigint not null,
        city varchar(255),
        name varchar(255),
        street varchar(255),
        zipcode varchar(255),
        primary key (member_id)
    )

    create table member (
        member_id bigint not null,
        city varchar(255),
        name varchar(255),
        street varchar(255),
        zipcode varchar(255),
        primary key (member_id)
    );
2024-05-02T09:46:00.835+09:00 DEBUG 18802 --- [jpashop] [    Test worker] org.hibernate.SQL                        : 
    create table order_item (
        count integer not null,
        order_price integer not null,
        item_id bigint,
        order_id bigint,
        order_item_id bigint not null,
        primary key (order_item_id)
    )
2024-05-02T09:46:00.849+09:00  INFO 18802 --- [jpashop] [    Test worker] p6spy                                    : #1714610760849 | took 13ms | statement | connection 3| url jdbc:h2:mem:test

    create table order_item (
        count integer not null,
        order_price integer not null,
        item_id bigint,
        order_id bigint,
        order_item_id bigint not null,
        primary key (order_item_id)
    )

    create table order_item (
        count integer not null,
        order_price integer not null,
        item_id bigint,
        order_id bigint,
        order_item_id bigint not null,
        primary key (order_item_id)
    );
2024-05-02T09:46:00.862+09:00 DEBUG 18802 --- [jpashop] [    Test worker] org.hibernate.SQL                        : 
    create table orders (
        delivery_id bigint unique,
        member_id bigint,
        order_date timestamp(6),
        order_id bigint not null,
        status varchar(255) check (status in ('ORDER','CANCEL')),
        primary key (order_id)
    )
2024-05-02T09:46:00.874+09:00  INFO 18802 --- [jpashop] [    Test worker] p6spy                                    : #1714610760874 | took 11ms | statement | connection 3| url jdbc:h2:mem:test

    create table orders (
        delivery_id bigint unique,
        member_id bigint,
        order_date timestamp(6),
        order_id bigint not null,
        status varchar(255) check (status in ('ORDER','CANCEL')),
        primary key (order_id)
    )

    create table orders (
        delivery_id bigint unique,
        member_id bigint,
        order_date timestamp(6),
        order_id bigint not null,
        status varchar(255) check (status in ('ORDER','CANCEL')),
        primary key (order_id)
    );
2024-05-02T09:46:00.876+09:00 DEBUG 18802 --- [jpashop] [    Test worker] org.hibernate.SQL                        : 
    alter table if exists category 
       add constraint FK2y94svpmqttx80mshyny85wqr 
       foreign key (parent_id) 
       references category
2024-05-02T09:46:00.907+09:00  INFO 18802 --- [jpashop] [    Test worker] p6spy                                    : #1714610760907 | took 31ms | statement | connection 3| url jdbc:h2:mem:test

    alter table if exists category 
       add constraint FK2y94svpmqttx80mshyny85wqr 
       foreign key (parent_id) 
       references category

    alter table if exists category 
       add constraint FK2y94svpmqttx80mshyny85wqr 
       foreign key (parent_id) 
       references category;
2024-05-02T09:46:00.914+09:00 DEBUG 18802 --- [jpashop] [    Test worker] org.hibernate.SQL                        : 
    alter table if exists category_item 
       add constraint FKu8b4lwqutcdq3363gf6mlujq 
       foreign key (item_id) 
       references item
2024-05-02T09:46:00.934+09:00  INFO 18802 --- [jpashop] [    Test worker] p6spy                                    : #1714610760934 | took 5ms | statement | connection 3| url jdbc:h2:mem:test

    alter table if exists category_item 
       add constraint FKu8b4lwqutcdq3363gf6mlujq 
       foreign key (item_id) 
       references item

    alter table if exists category_item 
       add constraint FKu8b4lwqutcdq3363gf6mlujq 
       foreign key (item_id) 
       references item;
2024-05-02T09:46:00.935+09:00 DEBUG 18802 --- [jpashop] [    Test worker] org.hibernate.SQL                        : 
    alter table if exists category_item 
       add constraint FKcq2n0opf5shyh84ex1fhukcbh 
       foreign key (category_id) 
       references category
2024-05-02T09:46:00.954+09:00  INFO 18802 --- [jpashop] [    Test worker] p6spy                                    : #1714610760954 | took 2ms | statement | connection 3| url jdbc:h2:mem:test

    alter table if exists category_item 
       add constraint FKcq2n0opf5shyh84ex1fhukcbh 
       foreign key (category_id) 
       references category

    alter table if exists category_item 
       add constraint FKcq2n0opf5shyh84ex1fhukcbh 
       foreign key (category_id) 
       references category;
2024-05-02T09:46:00.959+09:00 DEBUG 18802 --- [jpashop] [    Test worker] org.hibernate.SQL                        : 
    alter table if exists order_item 
       add constraint FKija6hjjiit8dprnmvtvgdp6ru 
       foreign key (item_id) 
       references item
2024-05-02T09:46:01.022+09:00  INFO 18802 --- [jpashop] [    Test worker] p6spy                                    : #1714610761022 | took 53ms | statement | connection 3| url jdbc:h2:mem:test

    alter table if exists order_item 
       add constraint FKija6hjjiit8dprnmvtvgdp6ru 
       foreign key (item_id) 
       references item

    alter table if exists order_item 
       add constraint FKija6hjjiit8dprnmvtvgdp6ru 
       foreign key (item_id) 
       references item;
2024-05-02T09:46:01.038+09:00 DEBUG 18802 --- [jpashop] [    Test worker] org.hibernate.SQL                        : 
    alter table if exists order_item 
       add constraint FKt4dc2r9nbvbujrljv3e23iibt 
       foreign key (order_id) 
       references orders
2024-05-02T09:46:01.043+09:00  INFO 18802 --- [jpashop] [    Test worker] p6spy                                    : #1714610761043 | took 3ms | statement | connection 3| url jdbc:h2:mem:test

    alter table if exists order_item 
       add constraint FKt4dc2r9nbvbujrljv3e23iibt 
       foreign key (order_id) 
       references orders

    alter table if exists order_item 
       add constraint FKt4dc2r9nbvbujrljv3e23iibt 
       foreign key (order_id) 
       references orders;
2024-05-02T09:46:01.043+09:00 DEBUG 18802 --- [jpashop] [    Test worker] org.hibernate.SQL                        : 
    alter table if exists orders 
       add constraint FKtkrur7wg4d8ax0pwgo0vmy20c 
       foreign key (delivery_id) 
       references delivery
2024-05-02T09:46:01.058+09:00  INFO 18802 --- [jpashop] [    Test worker] p6spy                                    : #1714610761058 | took 14ms | statement | connection 3| url jdbc:h2:mem:test

    alter table if exists orders 
       add constraint FKtkrur7wg4d8ax0pwgo0vmy20c 
       foreign key (delivery_id) 
       references delivery

    alter table if exists orders 
       add constraint FKtkrur7wg4d8ax0pwgo0vmy20c 
       foreign key (delivery_id) 
       references delivery;
2024-05-02T09:46:01.069+09:00 DEBUG 18802 --- [jpashop] [    Test worker] org.hibernate.SQL                        : 
    alter table if exists orders 
       add constraint FKpktxwhj3x9m4gth5ff6bkqgeb 
       foreign key (member_id) 
       references member
2024-05-02T09:46:01.090+09:00  INFO 18802 --- [jpashop] [    Test worker] p6spy                                    : #1714610761090 | took 4ms | statement | connection 3| url jdbc:h2:mem:test

    alter table if exists orders 
       add constraint FKpktxwhj3x9m4gth5ff6bkqgeb 
       foreign key (member_id) 
       references member

    alter table if exists orders 
       add constraint FKpktxwhj3x9m4gth5ff6bkqgeb 
       foreign key (member_id) 
       references member;
2024-05-02T09:46:01.104+09:00  INFO 18802 --- [jpashop] [    Test worker] j.LocalContainerEntityManagerFactoryBean : Initialized JPA EntityManagerFactory for persistence unit 'default'
2024-05-02T09:46:01.981+09:00  WARN 18802 --- [jpashop] [    Test worker] JpaBaseConfiguration$JpaWebConfiguration : spring.jpa.open-in-view is enabled by default. Therefore, database queries may be performed during view rendering. Explicitly configure spring.jpa.open-in-view to disable this warning
2024-05-02T09:46:02.098+09:00  INFO 18802 --- [jpashop] [    Test worker] o.s.b.a.w.s.WelcomePageHandlerMapping    : Adding welcome page: class path resource [static/index.html]
2024-05-02T09:46:03.944+09:00  INFO 18802 --- [jpashop] [    Test worker] j.jpashop.Service.MemberServiceTest      : Started MemberServiceTest in 12.943 seconds (process running for 16.121)
2024-05-02T09:46:06.028+09:00 DEBUG 18802 --- [jpashop] [    Test worker] org.hibernate.SQL                        : 
    select
        m1_0.member_id,
        m1_0.city,
        m1_0.street,
        m1_0.zipcode,
        m1_0.name 
    from
        member m1_0 
    where
        m1_0.name=?
2024-05-02T09:46:06.037+09:00 TRACE 18802 --- [jpashop] [    Test worker] org.hibernate.orm.jdbc.bind              : binding parameter (1:VARCHAR) <- [kim]
2024-05-02T09:46:06.041+09:00  INFO 18802 --- [jpashop] [    Test worker] p6spy                                    : #1714610766041 | took 0ms | statement | connection 4| url jdbc:h2:mem:test
select m1_0.member_id,m1_0.city,m1_0.street,m1_0.zipcode,m1_0.name from member m1_0 where m1_0.name=?
select m1_0.member_id,m1_0.city,m1_0.street,m1_0.zipcode,m1_0.name from member m1_0 where m1_0.name='kim';
2024-05-02T09:46:06.058+09:00 DEBUG 18802 --- [jpashop] [    Test worker] org.hibernate.SQL                        : 
    select
        next value for member_seq
2024-05-02T09:46:06.068+09:00  INFO 18802 --- [jpashop] [    Test worker] p6spy                                    : #1714610766068 | took 2ms | statement | connection 4| url jdbc:h2:mem:test
select next value for member_seq
select next value for member_seq;
2024-05-02T09:46:06.156+09:00 DEBUG 18802 --- [jpashop] [    Test worker] org.hibernate.SQL                        : 
    insert 
    into
        member
        (city, street, zipcode, name, member_id) 
    values
        (?, ?, ?, ?, ?)
2024-05-02T09:46:06.163+09:00 TRACE 18802 --- [jpashop] [    Test worker] org.hibernate.orm.jdbc.bind              : binding parameter (1:VARCHAR) <- [null]
2024-05-02T09:46:06.163+09:00 TRACE 18802 --- [jpashop] [    Test worker] org.hibernate.orm.jdbc.bind              : binding parameter (2:VARCHAR) <- [null]
2024-05-02T09:46:06.165+09:00 TRACE 18802 --- [jpashop] [    Test worker] org.hibernate.orm.jdbc.bind              : binding parameter (3:VARCHAR) <- [null]
2024-05-02T09:46:06.165+09:00 TRACE 18802 --- [jpashop] [    Test worker] org.hibernate.orm.jdbc.bind              : binding parameter (4:VARCHAR) <- [kim]
2024-05-02T09:46:06.165+09:00 TRACE 18802 --- [jpashop] [    Test worker] org.hibernate.orm.jdbc.bind              : binding parameter (5:BIGINT) <- [1]
2024-05-02T09:46:06.169+09:00  INFO 18802 --- [jpashop] [    Test worker] p6spy                                    : #1714610766169 | took 1ms | statement | connection 4| url jdbc:h2:mem:test
insert into member (city,street,zipcode,name,member_id) values (?,?,?,?,?)
insert into member (city,street,zipcode,name,member_id) values (NULL,NULL,NULL,'kim',1);
2024-05-02T09:46:06.182+09:00 DEBUG 18802 --- [jpashop] [    Test worker] org.hibernate.SQL                        : 
    select
        m1_0.member_id,
        m1_0.city,
        m1_0.street,
        m1_0.zipcode,
        m1_0.name 
    from
        member m1_0 
    where
        m1_0.name=?
2024-05-02T09:46:06.194+09:00 TRACE 18802 --- [jpashop] [    Test worker] org.hibernate.orm.jdbc.bind              : binding parameter (1:VARCHAR) <- [kim]
2024-05-02T09:46:06.195+09:00  INFO 18802 --- [jpashop] [    Test worker] p6spy                                    : #1714610766195 | took 0ms | statement | connection 4| url jdbc:h2:mem:test
select m1_0.member_id,m1_0.city,m1_0.street,m1_0.zipcode,m1_0.name from member m1_0 where m1_0.name=?
select m1_0.member_id,m1_0.city,m1_0.street,m1_0.zipcode,m1_0.name from member m1_0 where m1_0.name='kim';
2024-05-02T09:46:06.221+09:00  INFO 18802 --- [jpashop] [    Test worker] p6spy                                    : #1714610766221 | took 0ms | rollback | connection 4| url jdbc:h2:mem:test

;
]]></system-out>
  <system-err><![CDATA[]]></system-err>
</testsuite>
